{"C:\\Users\\Пользователь\\Desktop\\ajs6.1\\index.js": {"path":"C:\\Users\\Пользователь\\Desktop\\ajs6.1\\index.js","statementMap":{"0":{"start":{"line":2,"column":22},"end":{"line":2,"column":24}},"1":{"start":{"line":3,"column":4},"end":{"line":10,"column":5}},"2":{"start":{"line":4,"column":6},"end":{"line":9,"column":7}},"3":{"start":{"line":5,"column":8},"end":{"line":8,"column":9}},"4":{"start":{"line":6,"column":10},"end":{"line":6,"column":58}},"5":{"start":{"line":7,"column":10},"end":{"line":7,"column":27}},"6":{"start":{"line":11,"column":25},"end":{"line":11,"column":51}},"7":{"start":{"line":12,"column":4},"end":{"line":12,"column":79}},"8":{"start":{"line":12,"column":33},"end":{"line":12,"column":77}},"9":{"start":{"line":13,"column":4},"end":{"line":13,"column":21}}},"fnMap":{"0":{"name":"orderByProps","decl":{"start":{"line":1,"column":24},"end":{"line":1,"column":36}},"loc":{"start":{"line":1,"column":56},"end":{"line":14,"column":3}},"line":1},"1":{"name":"(anonymous_1)","decl":{"start":{"line":12,"column":25},"end":{"line":12,"column":26}},"loc":{"start":{"line":12,"column":33},"end":{"line":12,"column":77}},"line":12}},"branchMap":{"0":{"loc":{"start":{"line":4,"column":6},"end":{"line":9,"column":7}},"type":"if","locations":[{"start":{"line":4,"column":6},"end":{"line":9,"column":7}},{"start":{},"end":{}}],"line":4},"1":{"loc":{"start":{"line":5,"column":8},"end":{"line":8,"column":9}},"type":"if","locations":[{"start":{"line":5,"column":8},"end":{"line":8,"column":9}},{"start":{},"end":{}}],"line":5},"2":{"loc":{"start":{"line":5,"column":12},"end":{"line":5,"column":46}},"type":"binary-expr","locations":[{"start":{"line":5,"column":13},"end":{"line":5,"column":26}},{"start":{"line":5,"column":32},"end":{"line":5,"column":45}}],"line":5}},"s":{"0":1,"1":1,"2":5,"3":5,"4":2,"5":2,"6":1,"7":1,"8":3,"9":1},"f":{"0":1,"1":3},"b":{"0":[5,0],"1":[2,3],"2":[5,4]},"_coverageSchema":"1a1c01bbd47fc00a2c39e90264f33305004495a9","hash":"4ed0196737e95370531a701435e1393a4f93a8ff"}
}
